  Activating project at `~/.julia/scratchspaces/03f602be-98a1-4bb2-9504-fbd3406624a7/env`
   Resolving package versions...
    Updating `~/.julia/scratchspaces/03f602be-98a1-4bb2-9504-fbd3406624a7/env/Project.toml`
  [863f3e99] ↑ Comonicon v0.11.7 ⇒ v0.12.2
  [03f602be] + TreeKnit v0.1.1 `~/Documents/julia/dev/TreeKnit`
    Updating `~/.julia/scratchspaces/03f602be-98a1-4bb2-9504-fbd3406624a7/env/Manifest.toml`
  [863f3e99] ↑ Comonicon v0.11.7 ⇒ v0.12.2
  [0acea522] - ComoniconBuilder v0.1.4
  [a25bc8ac] - ComoniconOptions v0.1.2
  [d6dfd36b] - ComoniconTargetExpr v0.2.4
  [d0eb39ce] - ComoniconTypes v0.2.0
  [dcf03e4a] - ComoniconZSHCompletion v0.2.0
  [5218b696] ↑ Configurations v0.16.6 ⇒ v0.17.0
  [9b87118b] ↑ PackageCompiler v1.7.7 ⇒ v2.0.4
  [03f602be] + TreeKnit v0.1.1 `~/Documents/julia/dev/TreeKnit`
    Updating registry at `~/.julia/registries/General`
    Updating git-repo `https://github.com/JuliaRegistries/General`
  No Changes to `~/.julia/scratchspaces/03f602be-98a1-4bb2-9504-fbd3406624a7/env/Project.toml`
  No Changes to `~/.julia/scratchspaces/03f602be-98a1-4bb2-9504-fbd3406624a7/env/Manifest.toml`
  Activating project at `~/Documents/julia/dev/TreeKnit`
